<?xml version="1.0" encoding="UTF-8"?>
<!-- Generated by org.testng.reporters.JUnitXMLReporter -->
<testsuite ignored="2" hostname="DESKTOP-FPJTV93" failures="2" tests="3" name="Test(failed)" time="0.174" errors="0" timestamp="2022-06-14T16:25:05 IST">
  <testcase classname="fail_test_case_testNG.Test1" name="TC8" time="0.022"/>
  <testcase classname="fail_test_case_testNG.Test1" name="TC10" time="0.008">
    <failure type="java.lang.AssertionError" message="null">
      <![CDATA[java.lang.AssertionError: null
at fail_test_case_testNG.Test1.TC10(Test1.java:46)
at java.base/java.util.ArrayList.forEach(ArrayList.java:1541)
... Removed 29 stack frames]]>
    </failure>
  </testcase> <!-- TC10 -->
  <testcase classname="fail_test_case_testNG.Test1" name="TC6" time="0.003">
    <failure type="java.lang.AssertionError" message="null">
      <![CDATA[java.lang.AssertionError: null
at fail_test_case_testNG.Test1.TC6(Test1.java:15)
at java.base/java.util.ArrayList.forEach(ArrayList.java:1541)
... Removed 29 stack frames]]>
    </failure>
  </testcase> <!-- TC6 -->
  <testcase classname="fail_test_case_testNG.Test1" name="TC9" time="0.0">
    <ignored/>
  </testcase> <!-- TC9 -->
  <testcase classname="fail_test_case_testNG.Test1" name="TC7" time="0.0">
    <ignored/>
  </testcase> <!-- TC7 -->
</testsuite> <!-- Test(failed) -->
